# JRE version: Java(TM) SE Runtime Environment (7.0_80-b15) (build 1.7.0_80-b15)
# Java VM: Java HotSpot(TM) 64-Bit Server VM (24.80-b11 mixed mode linux-amd64 compressed oops)
Heap
 PSYoungGen      total 133632K, used 14841K [0x00000000ec000000, 0x00000000f5500000, 0x0000000100000000)
  eden space 118784K, 0% used [0x00000000ec000000,0x00000000ec000000,0x00000000f3400000)
  from space 14848K, 99% used [0x00000000f3400000,0x00000000f427e750,0x00000000f4280000)
  to   space 10752K, 0% used [0x00000000f4280000,0x00000000f4280000,0x00000000f4d00000)
 ParOldGen       total 40960K, used 26868K [0x00000000c4000000, 0x00000000c6800000, 0x00000000ec000000)
  object space 40960K, 65% used [0x00000000c4000000,0x00000000c5a3d138,0x00000000c6800000)
 PSPermGen       total 28160K, used 28056K [0x00000000bee00000, 0x00000000c0980000, 0x00000000c4000000)
  object space 28160K, 99% used [0x00000000bee00000,0x00000000c09662f0,0x00000000c0980000)
GC Heap History (10 events):
Event: 3,036 GC heap after
Heap after GC invocations=4 (full 0):
 PSYoungGen      total 33280K, used 2547K [0x00000000ec000000, 0x00000000ee300000, 0x0000000100000000)
  eden space 30720K, 0% used [0x00000000ec000000,0x00000000ec000000,0x00000000ede00000)
  from space 2560K, 99% used [0x00000000ee080000,0x00000000ee2fcc48,0x00000000ee300000)
  to   space 2560K, 0% used [0x00000000ede00000,0x00000000ede00000,0x00000000ee080000)
 ParOldGen       total 40960K, used 5259K [0x00000000c4000000, 0x00000000c6800000, 0x00000000ec000000)
  object space 40960K, 12% used [0x00000000c4000000,0x00000000c4522f30,0x00000000c6800000)
 PSPermGen       total 21504K, used 11664K [0x00000000bee00000, 0x00000000c0300000, 0x00000000c4000000)
  object space 21504K, 54% used [0x00000000bee00000,0x00000000bf964120,0x00000000c0300000)
}
Event: 3,511 GC heap before
{Heap before GC invocations=5 (full 0):
 PSYoungGen      total 33280K, used 33267K [0x00000000ec000000, 0x00000000ee300000, 0x0000000100000000)
  eden space 30720K, 100% used [0x00000000ec000000,0x00000000ede00000,0x00000000ede00000)
  from space 2560K, 99% used [0x00000000ee080000,0x00000000ee2fcc48,0x00000000ee300000)
  to   space 2560K, 0% used [0x00000000ede00000,0x00000000ede00000,0x00000000ee080000)
 ParOldGen       total 40960K, used 5259K [0x00000000c4000000, 0x00000000c6800000, 0x00000000ec000000)
  object space 40960K, 12% used [0x00000000c4000000,0x00000000c4522f30,0x00000000c6800000)
 PSPermGen       total 21504K, used 11761K [0x00000000bee00000, 0x00000000c0300000, 0x00000000c4000000)
  object space 21504K, 54% used [0x00000000bee00000,0x00000000bf97c4d0,0x00000000c0300000)
Event: 3,539 GC heap after
Heap after GC invocations=5 (full 0):
 PSYoungGen      total 33280K, used 2544K [0x00000000ec000000, 0x00000000f1000000, 0x0000000100000000)
  eden space 30720K, 0% used [0x00000000ec000000,0x00000000ec000000,0x00000000ede00000)
  from space 2560K, 99% used [0x00000000ede00000,0x00000000ee07c3c0,0x00000000ee080000)
  to   space 10240K, 0% used [0x00000000f0600000,0x00000000f0600000,0x00000000f1000000)
 ParOldGen       total 40960K, used 12699K [0x00000000c4000000, 0x00000000c6800000, 0x00000000ec000000)
  object space 40960K, 31% used [0x00000000c4000000,0x00000000c4c66ee8,0x00000000c6800000)
 PSPermGen       total 21504K, used 11761K [0x00000000bee00000, 0x00000000c0300000, 0x00000000c4000000)
  object space 21504K, 54% used [0x00000000bee00000,0x00000000bf97c4d0,0x00000000c0300000)
}
Event: 4,403 GC heap before
{Heap before GC invocations=6 (full 0):
 PSYoungGen      total 33280K, used 33264K [0x00000000ec000000, 0x00000000f1000000, 0x0000000100000000)
  eden space 30720K, 100% used [0x00000000ec000000,0x00000000ede00000,0x00000000ede00000)
  from space 2560K, 99% used [0x00000000ede00000,0x00000000ee07c3c0,0x00000000ee080000)
  to   space 10240K, 0% used [0x00000000f0600000,0x00000000f0600000,0x00000000f1000000)
 ParOldGen       total 40960K, used 12699K [0x00000000c4000000, 0x00000000c6800000, 0x00000000ec000000)
  object space 40960K, 31% used [0x00000000c4000000,0x00000000c4c66ee8,0x00000000c6800000)
 PSPermGen       total 21504K, used 12614K [0x00000000bee00000, 0x00000000c0300000, 0x00000000c4000000)
  object space 21504K, 58% used [0x00000000bee00000,0x00000000bfa51a50,0x00000000c0300000)
Event: 4,415 GC heap after
Heap after GC invocations=6 (full 0):
 PSYoungGen      total 70656K, used 4449K [0x00000000ec000000, 0x00000000f0f00000, 0x0000000100000000)
  eden space 61440K, 0% used [0x00000000ec000000,0x00000000ec000000,0x00000000efc00000)
  from space 9216K, 48% used [0x00000000f0600000,0x00000000f0a587c8,0x00000000f0f00000)
  to   space 9728K, 0% used [0x00000000efc00000,0x00000000efc00000,0x00000000f0580000)
 ParOldGen       total 40960K, used 12707K [0x00000000c4000000, 0x00000000c6800000, 0x00000000ec000000)
  object space 40960K, 31% used [0x00000000c4000000,0x00000000c4c68ee8,0x00000000c6800000)
 PSPermGen       total 21504K, used 12614K [0x00000000bee00000, 0x00000000c0300000, 0x00000000c4000000)
  object space 21504K, 58% used [0x00000000bee00000,0x00000000bfa51a50,0x00000000c0300000)
}
Event: 7,372 GC heap before
{Heap before GC invocations=7 (full 0):
 PSYoungGen      total 70656K, used 65889K [0x00000000ec000000, 0x00000000f0f00000, 0x0000000100000000)
  eden space 61440K, 100% used [0x00000000ec000000,0x00000000efc00000,0x00000000efc00000)
  from space 9216K, 48% used [0x00000000f0600000,0x00000000f0a587c8,0x00000000f0f00000)
  to   space 9728K, 0% used [0x00000000efc00000,0x00000000efc00000,0x00000000f0580000)
 ParOldGen       total 40960K, used 12707K [0x00000000c4000000, 0x00000000c6800000, 0x00000000ec000000)
  object space 40960K, 31% used [0x00000000c4000000,0x00000000c4c68ee8,0x00000000c6800000)
 PSPermGen       total 21504K, used 17343K [0x00000000bee00000, 0x00000000c0300000, 0x00000000c4000000)
  object space 21504K, 80% used [0x00000000bee00000,0x00000000bfeefd08,0x00000000c0300000)
Event: 7,397 GC heap after
Heap after GC invocations=7 (full 0):
 PSYoungGen      total 71168K, used 8035K [0x00000000ec000000, 0x00000000f4d00000, 0x0000000100000000)
  eden space 61440K, 0% used [0x00000000ec000000,0x00000000ec000000,0x00000000efc00000)
  from space 9728K, 82% used [0x00000000efc00000,0x00000000f03d8f68,0x00000000f0580000)
  to   space 10752K, 0% used [0x00000000f4280000,0x00000000f4280000,0x00000000f4d00000)
 ParOldGen       total 40960K, used 13485K [0x00000000c4000000, 0x00000000c6800000, 0x00000000ec000000)
  object space 40960K, 32% used [0x00000000c4000000,0x00000000c4d2b760,0x00000000c6800000)
 PSPermGen       total 21504K, used 17343K [0x00000000bee00000, 0x00000000c0300000, 0x00000000c4000000)
  object space 21504K, 80% used [0x00000000bee00000,0x00000000bfeefd08,0x00000000c0300000)
}
Event: 8,728 GC heap before
{Heap before GC invocations=8 (full 0):
 PSYoungGen      total 71168K, used 69475K [0x00000000ec000000, 0x00000000f4d00000, 0x0000000100000000)
  eden space 61440K, 100% used [0x00000000ec000000,0x00000000efc00000,0x00000000efc00000)
  from space 9728K, 82% used [0x00000000efc00000,0x00000000f03d8f68,0x00000000f0580000)
  to   space 10752K, 0% used [0x00000000f4280000,0x00000000f4280000,0x00000000f4d00000)
 ParOldGen       total 40960K, used 13485K [0x00000000c4000000, 0x00000000c6800000, 0x00000000ec000000)
  object space 40960K, 32% used [0x00000000c4000000,0x00000000c4d2b760,0x00000000c6800000)
 PSPermGen       total 21504K, used 20070K [0x00000000bee00000, 0x00000000c0300000, 0x00000000c4000000)
  object space 21504K, 93% used [0x00000000bee00000,0x00000000c0199b90,0x00000000c0300000)
Event: 8,761 GC heap after
Heap after GC invocations=8 (full 0):
 PSYoungGen      total 129536K, used 10735K [0x00000000ec000000, 0x00000000f5500000, 0x0000000100000000)
  eden space 118784K, 0% used [0x00000000ec000000,0x00000000ec000000,0x00000000f3400000)
  from space 10752K, 99% used [0x00000000f4280000,0x00000000f4cfbf68,0x00000000f4d00000)
  to   space 14848K, 0% used [0x00000000f3400000,0x00000000f3400000,0x00000000f4280000)
 ParOldGen       total 40960K, used 19255K [0x00000000c4000000, 0x00000000c6800000, 0x00000000ec000000)
  object space 40960K, 47% used [0x00000000c4000000,0x00000000c52cdd30,0x00000000c6800000)
 PSPermGen       total 21504K, used 20070K [0x00000000bee00000, 0x00000000c0300000, 0x00000000c4000000)
  object space 21504K, 93% used [0x00000000bee00000,0x00000000c0199b90,0x00000000c0300000)
}
Event: 12,605 GC heap before
{Heap before GC invocations=9 (full 0):
 PSYoungGen      total 129536K, used 129519K [0x00000000ec000000, 0x00000000f5500000, 0x0000000100000000)
  eden space 118784K, 100% used [0x00000000ec000000,0x00000000f3400000,0x00000000f3400000)
  from space 10752K, 99% used [0x00000000f4280000,0x00000000f4cfbf68,0x00000000f4d00000)
  to   space 14848K, 0% used [0x00000000f3400000,0x00000000f3400000,0x00000000f4280000)
 ParOldGen       total 40960K, used 19255K [0x00000000c4000000, 0x00000000c6800000, 0x00000000ec000000)
  object space 40960K, 47% used [0x00000000c4000000,0x00000000c52cdd30,0x00000000c6800000)
 PSPermGen       total 28160K, used 28056K [0x00000000bee00000, 0x00000000c0980000, 0x00000000c4000000)
  object space 28160K, 99% used [0x00000000bee00000,0x00000000c09662f0,0x00000000c0980000)

